Watching for file changes with StatReloader
Internal Server Error: /dms/
Traceback (most recent call last):
  File "/home/ubuntu/.local/lib/python3.10/site-packages/django/db/backends/utils.py", line 89, in _execute
    return self.cursor.execute(sql, params)
  File "/home/ubuntu/.local/lib/python3.10/site-packages/django/db/backends/mysql/base.py", line 75, in execute
    return self.cursor.execute(query, args)
  File "/home/ubuntu/.local/lib/python3.10/site-packages/MySQLdb/cursors.py", line 206, in execute
    res = self._query(query)
  File "/home/ubuntu/.local/lib/python3.10/site-packages/MySQLdb/cursors.py", line 319, in _query
    db.query(q)
  File "/home/ubuntu/.local/lib/python3.10/site-packages/MySQLdb/connections.py", line 254, in query
    _mysql.connection.query(self, query)
MySQLdb.ProgrammingError: (1146, "Table 'TextLists.projects' doesn't exist")

The above exception was the direct cause of the following exception:

Traceback (most recent call last):
  File "/home/ubuntu/.local/lib/python3.10/site-packages/django/core/handlers/exception.py", line 56, in inner
    response = get_response(request)
  File "/home/ubuntu/.local/lib/python3.10/site-packages/django/core/handlers/base.py", line 220, in _get_response
    response = response.render()
  File "/home/ubuntu/.local/lib/python3.10/site-packages/django/template/response.py", line 114, in render
    self.content = self.rendered_content
  File "/home/ubuntu/.local/lib/python3.10/site-packages/django/template/response.py", line 92, in rendered_content
    return template.render(context, self._request)
  File "/home/ubuntu/.local/lib/python3.10/site-packages/django/template/backends/django.py", line 61, in render
    return self.template.render(context)
  File "/home/ubuntu/.local/lib/python3.10/site-packages/django/template/base.py", line 175, in render
    return self._render(context)
  File "/home/ubuntu/.local/lib/python3.10/site-packages/django/template/base.py", line 167, in _render
    return self.nodelist.render(context)
  File "/home/ubuntu/.local/lib/python3.10/site-packages/django/template/base.py", line 1005, in render
    return SafeString("".join([node.render_annotated(context) for node in self]))
  File "/home/ubuntu/.local/lib/python3.10/site-packages/django/template/base.py", line 1005, in <listcomp>
    return SafeString("".join([node.render_annotated(context) for node in self]))
  File "/home/ubuntu/.local/lib/python3.10/site-packages/django/template/base.py", line 966, in render_annotated
    return self.render(context)
  File "/home/ubuntu/.local/lib/python3.10/site-packages/django/template/loader_tags.py", line 157, in render
    return compiled_parent._render(context)
  File "/home/ubuntu/.local/lib/python3.10/site-packages/django/template/base.py", line 167, in _render
    return self.nodelist.render(context)
  File "/home/ubuntu/.local/lib/python3.10/site-packages/django/template/base.py", line 1005, in render
    return SafeString("".join([node.render_annotated(context) for node in self]))
  File "/home/ubuntu/.local/lib/python3.10/site-packages/django/template/base.py", line 1005, in <listcomp>
    return SafeString("".join([node.render_annotated(context) for node in self]))
  File "/home/ubuntu/.local/lib/python3.10/site-packages/django/template/base.py", line 966, in render_annotated
    return self.render(context)
  File "/home/ubuntu/.local/lib/python3.10/site-packages/django/template/loader_tags.py", line 63, in render
    result = block.nodelist.render(context)
  File "/home/ubuntu/.local/lib/python3.10/site-packages/django/template/base.py", line 1005, in render
    return SafeString("".join([node.render_annotated(context) for node in self]))
  File "/home/ubuntu/.local/lib/python3.10/site-packages/django/template/base.py", line 1005, in <listcomp>
    return SafeString("".join([node.render_annotated(context) for node in self]))
  File "/home/ubuntu/.local/lib/python3.10/site-packages/django/template/base.py", line 966, in render_annotated
    return self.render(context)
  File "/home/ubuntu/.local/lib/python3.10/site-packages/django/template/defaulttags.py", line 194, in render
    len_values = len(values)
  File "/home/ubuntu/.local/lib/python3.10/site-packages/django/db/models/query.py", line 376, in __len__
    self._fetch_all()
  File "/home/ubuntu/.local/lib/python3.10/site-packages/django/db/models/query.py", line 1867, in _fetch_all
    self._result_cache = list(self._iterable_class(self))
  File "/home/ubuntu/.local/lib/python3.10/site-packages/django/db/models/query.py", line 87, in __iter__
    results = compiler.execute_sql(
  File "/home/ubuntu/.local/lib/python3.10/site-packages/django/db/models/sql/compiler.py", line 1398, in execute_sql
    cursor.execute(sql, params)
  File "/home/ubuntu/.local/lib/python3.10/site-packages/django/db/backends/utils.py", line 67, in execute
    return self._execute_with_wrappers(
  File "/home/ubuntu/.local/lib/python3.10/site-packages/django/db/backends/utils.py", line 80, in _execute_with_wrappers
    return executor(sql, params, many, context)
  File "/home/ubuntu/.local/lib/python3.10/site-packages/django/db/backends/utils.py", line 84, in _execute
    with self.db.wrap_database_errors:
  File "/home/ubuntu/.local/lib/python3.10/site-packages/django/db/utils.py", line 91, in __exit__
    raise dj_exc_value.with_traceback(traceback) from exc_value
  File "/home/ubuntu/.local/lib/python3.10/site-packages/django/db/backends/utils.py", line 89, in _execute
    return self.cursor.execute(sql, params)
  File "/home/ubuntu/.local/lib/python3.10/site-packages/django/db/backends/mysql/base.py", line 75, in execute
    return self.cursor.execute(query, args)
  File "/home/ubuntu/.local/lib/python3.10/site-packages/MySQLdb/cursors.py", line 206, in execute
    res = self._query(query)
  File "/home/ubuntu/.local/lib/python3.10/site-packages/MySQLdb/cursors.py", line 319, in _query
    db.query(q)
  File "/home/ubuntu/.local/lib/python3.10/site-packages/MySQLdb/connections.py", line 254, in query
    _mysql.connection.query(self, query)
django.db.utils.ProgrammingError: (1146, "Table 'TextLists.projects' doesn't exist")
"GET /dms/ HTTP/1.1" 500 145
"GET /create-post HTTP/1.1" 200 2778
Watching for file changes with StatReloader
"GET / HTTP/1.1" 302 0
"GET /login?next=/ HTTP/1.1" 301 0
"GET /login/?next=/ HTTP/1.1" 200 2845
"GET /dms HTTP/1.1" 301 0
"GET /dms/ HTTP/1.1" 200 2256
"GET /dms/project/1/delete/ HTTP/1.1" 200 2331
"POST /dms/project/1/delete/ HTTP/1.1" 302 0
"GET /dms/ HTTP/1.1" 200 2071
"GET /dms/project/create/ HTTP/1.1" 200 2724
Internal Server Error: /dms/project/create/
Traceback (most recent call last):
  File "/home/ubuntu/.local/lib/python3.10/site-packages/django/db/backends/mysql/base.py", line 75, in execute
    return self.cursor.execute(query, args)
  File "/home/ubuntu/.local/lib/python3.10/site-packages/MySQLdb/cursors.py", line 206, in execute
    res = self._query(query)
  File "/home/ubuntu/.local/lib/python3.10/site-packages/MySQLdb/cursors.py", line 319, in _query
    db.query(q)
  File "/home/ubuntu/.local/lib/python3.10/site-packages/MySQLdb/connections.py", line 254, in query
    _mysql.connection.query(self, query)
MySQLdb.OperationalError: (1048, "Column 'project_id' cannot be null")

During handling of the above exception, another exception occurred:

Traceback (most recent call last):
  File "/home/ubuntu/.local/lib/python3.10/site-packages/django/core/handlers/exception.py", line 56, in inner
    response = get_response(request)
  File "/home/ubuntu/.local/lib/python3.10/site-packages/django/core/handlers/base.py", line 197, in _get_response
    response = wrapped_callback(request, *callback_args, **callback_kwargs)
  File "/home/ubuntu/.local/lib/python3.10/site-packages/django/views/generic/base.py", line 103, in view
    return self.dispatch(request, *args, **kwargs)
  File "/home/ubuntu/.local/lib/python3.10/site-packages/django/views/generic/base.py", line 142, in dispatch
    return handler(request, *args, **kwargs)
  File "/home/ubuntu/.local/lib/python3.10/site-packages/django/views/generic/edit.py", line 184, in post
    return super().post(request, *args, **kwargs)
  File "/home/ubuntu/.local/lib/python3.10/site-packages/django/views/generic/edit.py", line 153, in post
    return self.form_valid(form)
  File "/home/ubuntu/.local/lib/python3.10/site-packages/django/views/generic/edit.py", line 135, in form_valid
    self.object = form.save()
  File "/home/ubuntu/.local/lib/python3.10/site-packages/django/forms/models.py", line 548, in save
    self.instance.save()
  File "/home/ubuntu/.local/lib/python3.10/site-packages/django/db/models/base.py", line 812, in save
    self.save_base(
  File "/home/ubuntu/.local/lib/python3.10/site-packages/django/db/models/base.py", line 878, in save_base
    post_save.send(
  File "/home/ubuntu/.local/lib/python3.10/site-packages/django/dispatch/dispatcher.py", line 176, in send
    return [
  File "/home/ubuntu/.local/lib/python3.10/site-packages/django/dispatch/dispatcher.py", line 177, in <listcomp>
    (receiver, receiver(signal=self, sender=sender, **named))
  File "/home/ubuntu/OneForAll/website/dms/signals.py", line 13, in create_project_tasks
    task = Task.objects.create(name=name, description=details, is_validation_requested=False, is_validation_completed=False)
  File "/home/ubuntu/.local/lib/python3.10/site-packages/django/db/models/manager.py", line 85, in manager_method
    return getattr(self.get_queryset(), name)(*args, **kwargs)
  File "/home/ubuntu/.local/lib/python3.10/site-packages/django/db/models/query.py", line 671, in create
    obj.save(force_insert=True, using=self.db)
  File "/home/ubuntu/.local/lib/python3.10/site-packages/django/db/models/base.py", line 812, in save
    self.save_base(
  File "/home/ubuntu/.local/lib/python3.10/site-packages/django/db/models/base.py", line 863, in save_base
    updated = self._save_table(
  File "/home/ubuntu/.local/lib/python3.10/site-packages/django/db/models/base.py", line 1006, in _save_table
    results = self._do_insert(
  File "/home/ubuntu/.local/lib/python3.10/site-packages/django/db/models/base.py", line 1047, in _do_insert
    return manager._insert(
  File "/home/ubuntu/.local/lib/python3.10/site-packages/django/db/models/manager.py", line 85, in manager_method
    return getattr(self.get_queryset(), name)(*args, **kwargs)
  File "/home/ubuntu/.local/lib/python3.10/site-packages/django/db/models/query.py", line 1791, in _insert
    return query.get_compiler(using=using).execute_sql(returning_fields)
  File "/home/ubuntu/.local/lib/python3.10/site-packages/django/db/models/sql/compiler.py", line 1660, in execute_sql
    cursor.execute(sql, params)
  File "/home/ubuntu/.local/lib/python3.10/site-packages/django/db/backends/utils.py", line 67, in execute
    return self._execute_with_wrappers(
  File "/home/ubuntu/.local/lib/python3.10/site-packages/django/db/backends/utils.py", line 80, in _execute_with_wrappers
    return executor(sql, params, many, context)
  File "/home/ubuntu/.local/lib/python3.10/site-packages/django/db/backends/utils.py", line 89, in _execute
    return self.cursor.execute(sql, params)
  File "/home/ubuntu/.local/lib/python3.10/site-packages/django/db/backends/mysql/base.py", line 80, in execute
    raise IntegrityError(*tuple(e.args))
django.db.utils.IntegrityError: (1048, "Column 'project_id' cannot be null")
"POST /dms/project/create/ HTTP/1.1" 500 145
/home/ubuntu/OneForAll/website/dms/models.py changed, reloading.
Watching for file changes with StatReloader
/home/ubuntu/OneForAll/website/dms/models.py changed, reloading.
Watching for file changes with StatReloader
Watching for file changes with StatReloader
"GET /create-post HTTP/1.1" 200 2778
"POST /create-post HTTP/1.1" 302 0
"GET /home HTTP/1.1" 200 3715
Internal Server Error: /dms/
Traceback (most recent call last):
  File "/home/ubuntu/.local/lib/python3.10/site-packages/django/db/backends/utils.py", line 89, in _execute
    return self.cursor.execute(sql, params)
  File "/home/ubuntu/.local/lib/python3.10/site-packages/django/db/backends/mysql/base.py", line 75, in execute
    return self.cursor.execute(query, args)
  File "/home/ubuntu/.local/lib/python3.10/site-packages/MySQLdb/cursors.py", line 206, in execute
    res = self._query(query)
  File "/home/ubuntu/.local/lib/python3.10/site-packages/MySQLdb/cursors.py", line 319, in _query
    db.query(q)
  File "/home/ubuntu/.local/lib/python3.10/site-packages/MySQLdb/connections.py", line 254, in query
    _mysql.connection.query(self, query)
MySQLdb.ProgrammingError: (1146, "Table 'TextLists.dms_project' doesn't exist")

The above exception was the direct cause of the following exception:

Traceback (most recent call last):
  File "/home/ubuntu/.local/lib/python3.10/site-packages/django/core/handlers/exception.py", line 56, in inner
    response = get_response(request)
  File "/home/ubuntu/.local/lib/python3.10/site-packages/django/core/handlers/base.py", line 220, in _get_response
    response = response.render()
  File "/home/ubuntu/.local/lib/python3.10/site-packages/django/template/response.py", line 114, in render
    self.content = self.rendered_content
  File "/home/ubuntu/.local/lib/python3.10/site-packages/django/template/response.py", line 92, in rendered_content
    return template.render(context, self._request)
  File "/home/ubuntu/.local/lib/python3.10/site-packages/django/template/backends/django.py", line 61, in render
    return self.template.render(context)
  File "/home/ubuntu/.local/lib/python3.10/site-packages/django/template/base.py", line 175, in render
    return self._render(context)
  File "/home/ubuntu/.local/lib/python3.10/site-packages/django/template/base.py", line 167, in _render
    return self.nodelist.render(context)
  File "/home/ubuntu/.local/lib/python3.10/site-packages/django/template/base.py", line 1005, in render
    return SafeString("".join([node.render_annotated(context) for node in self]))
  File "/home/ubuntu/.local/lib/python3.10/site-packages/django/template/base.py", line 1005, in <listcomp>
    return SafeString("".join([node.render_annotated(context) for node in self]))
  File "/home/ubuntu/.local/lib/python3.10/site-packages/django/template/base.py", line 966, in render_annotated
    return self.render(context)
  File "/home/ubuntu/.local/lib/python3.10/site-packages/django/template/loader_tags.py", line 157, in render
    return compiled_parent._render(context)
  File "/home/ubuntu/.local/lib/python3.10/site-packages/django/template/base.py", line 167, in _render
    return self.nodelist.render(context)
  File "/home/ubuntu/.local/lib/python3.10/site-packages/django/template/base.py", line 1005, in render
    return SafeString("".join([node.render_annotated(context) for node in self]))
  File "/home/ubuntu/.local/lib/python3.10/site-packages/django/template/base.py", line 1005, in <listcomp>
    return SafeString("".join([node.render_annotated(context) for node in self]))
  File "/home/ubuntu/.local/lib/python3.10/site-packages/django/template/base.py", line 966, in render_annotated
    return self.render(context)
  File "/home/ubuntu/.local/lib/python3.10/site-packages/django/template/loader_tags.py", line 63, in render
    result = block.nodelist.render(context)
  File "/home/ubuntu/.local/lib/python3.10/site-packages/django/template/base.py", line 1005, in render
    return SafeString("".join([node.render_annotated(context) for node in self]))
  File "/home/ubuntu/.local/lib/python3.10/site-packages/django/template/base.py", line 1005, in <listcomp>
    return SafeString("".join([node.render_annotated(context) for node in self]))
  File "/home/ubuntu/.local/lib/python3.10/site-packages/django/template/base.py", line 966, in render_annotated
    return self.render(context)
  File "/home/ubuntu/.local/lib/python3.10/site-packages/django/template/defaulttags.py", line 194, in render
    len_values = len(values)
  File "/home/ubuntu/.local/lib/python3.10/site-packages/django/db/models/query.py", line 376, in __len__
    self._fetch_all()
  File "/home/ubuntu/.local/lib/python3.10/site-packages/django/db/models/query.py", line 1867, in _fetch_all
    self._result_cache = list(self._iterable_class(self))
  File "/home/ubuntu/.local/lib/python3.10/site-packages/django/db/models/query.py", line 87, in __iter__
    results = compiler.execute_sql(
  File "/home/ubuntu/.local/lib/python3.10/site-packages/django/db/models/sql/compiler.py", line 1398, in execute_sql
    cursor.execute(sql, params)
  File "/home/ubuntu/.local/lib/python3.10/site-packages/django/db/backends/utils.py", line 67, in execute
    return self._execute_with_wrappers(
  File "/home/ubuntu/.local/lib/python3.10/site-packages/django/db/backends/utils.py", line 80, in _execute_with_wrappers
    return executor(sql, params, many, context)
  File "/home/ubuntu/.local/lib/python3.10/site-packages/django/db/backends/utils.py", line 84, in _execute
    with self.db.wrap_database_errors:
  File "/home/ubuntu/.local/lib/python3.10/site-packages/django/db/utils.py", line 91, in __exit__
    raise dj_exc_value.with_traceback(traceback) from exc_value
  File "/home/ubuntu/.local/lib/python3.10/site-packages/django/db/backends/utils.py", line 89, in _execute
    return self.cursor.execute(sql, params)
  File "/home/ubuntu/.local/lib/python3.10/site-packages/django/db/backends/mysql/base.py", line 75, in execute
    return self.cursor.execute(query, args)
  File "/home/ubuntu/.local/lib/python3.10/site-packages/MySQLdb/cursors.py", line 206, in execute
    res = self._query(query)
  File "/home/ubuntu/.local/lib/python3.10/site-packages/MySQLdb/cursors.py", line 319, in _query
    db.query(q)
  File "/home/ubuntu/.local/lib/python3.10/site-packages/MySQLdb/connections.py", line 254, in query
    _mysql.connection.query(self, query)
django.db.utils.ProgrammingError: (1146, "Table 'TextLists.dms_project' doesn't exist")
"GET /dms/ HTTP/1.1" 500 145
/home/ubuntu/OneForAll/website/dms/models.py changed, reloading.
Watching for file changes with StatReloader
code 400, message Bad request syntax ('\x00\x9c\x00\x01\x1a+<M\x00\x01\x00\x00\x01\x00\x00\x00\x00\x00\x00\x01\x00\x00\x00\x01\x00\x00')
"  +<M              " 400 -
code 400, message Bad request syntax ('\x05\x02\x00\x02')
" " 400 -
code 400, message Bad HTTP/0.9 request type ('\x04\x01')
"      " 400 -
Invalid HTTP_HOST header: 'clientapi.ipip.net'. You may need to add 'clientapi.ipip.net' to ALLOWED_HOSTS.
Traceback (most recent call last):
  File "/home/ubuntu/.local/lib/python3.10/site-packages/django/core/handlers/exception.py", line 56, in inner
    response = get_response(request)
  File "/home/ubuntu/.local/lib/python3.10/site-packages/django/utils/deprecation.py", line 135, in __call__
    response = self.process_request(request)
  File "/home/ubuntu/.local/lib/python3.10/site-packages/django/middleware/common.py", line 48, in process_request
    host = request.get_host()
  File "/home/ubuntu/.local/lib/python3.10/site-packages/django/http/request.py", line 152, in get_host
    raise DisallowedHost(msg)
django.core.exceptions.DisallowedHost: Invalid HTTP_HOST header: 'clientapi.ipip.net'. You may need to add 'clientapi.ipip.net' to ALLOWED_HOSTS.
"GET / HTTP/1.1" 302 0
Bad Request: /http:/clientapi.ipip.net/echo.php
"GET http://clientapi.ipip.net/echo.php?info=20230219185540 HTTP/1.1" 400 143
Watching for file changes with StatReloader
"GET / HTTP/1.1" 200 3715
Not Found: /favicon.ico
"GET /favicon.ico HTTP/1.1" 404 179
"POST / HTTP/1.1" 200 2841
"POST / HTTP/1.1" 200 2000
- Broken pipe from ('167.94.146.58', 48698)
"GET / HTTP/1.1" 302 0
- Broken pipe from ('167.94.146.58', 60078)
"GET / HTTP/1.1" 302 0
code 505, message Invalid HTTP version (2.0)
"PRI * HTTP/2.0" 505 -
"GET /login HTTP/1.1" 301 0
code 505, message Invalid HTTP version (2.0)
"PRI * HTTP/2.0" 505 -
"GET /login/ HTTP/1.1" 200 2845
code 505, message Invalid HTTP version (2.0)
"PRI * HTTP/2.0" 505 -
Not Found: /favicon.ico
"GET /favicon.ico HTTP/1.1" 404 179
Internal Server Error: /
Traceback (most recent call last):
  File "/home/ubuntu/.local/lib/python3.10/site-packages/django/core/handlers/exception.py", line 56, in inner
    response = get_response(request)
  File "/home/ubuntu/.local/lib/python3.10/site-packages/django/core/handlers/base.py", line 197, in _get_response
    response = wrapped_callback(request, *callback_args, **callback_kwargs)
  File "/home/ubuntu/.local/lib/python3.10/site-packages/django/contrib/auth/decorators.py", line 23, in _wrapped_view
    return view_func(request, *args, **kwargs)
  File "/home/ubuntu/OneForAll/website/main/views.py", line 21, in home
    post.delete()
AttributeError: 'NoneType' object has no attribute 'delete'
"POST / HTTP/1.1" 500 145
"GET /home HTTP/1.1" 200 2000
"GET /upload HTTP/1.1" 200 2787
"GET /create-post HTTP/1.1" 200 2778
"GET /home HTTP/1.1" 200 2000
"GET /upload HTTP/1.1" 200 2787
"GET /logout HTTP/1.1" 301 0
"GET /logout/ HTTP/1.1" 302 0
"GET /login HTTP/1.1" 301 0
"GET /login/ HTTP/1.1" 200 2845
"GET /upload HTTP/1.1" 302 0
"GET /login?next=/upload HTTP/1.1" 301 0
"GET /login/?next=/upload HTTP/1.1" 200 2845
"GET /sign-up HTTP/1.1" 200 3907
"GET / HTTP/1.1" 302 0
"GET /login/?next=/ HTTP/1.1" 200 2845
"GET / HTTP/1.1" 302 0
"GET /login/?next=/ HTTP/1.1" 200 2845
"GET / HTTP/1.1" 302 0
"GET /login/?next=/ HTTP/1.1" 200 2845
"GET / HTTP/1.1" 302 0
"GET /login/?next=/ HTTP/1.1" 200 2845
"GET / HTTP/1.1" 302 0
"GET /login/?next=/ HTTP/1.1" 200 2845
"GET / HTTP/1.1" 302 0
"GET /login/?next=/ HTTP/1.1" 200 2845
"POST /login/?next=/ HTTP/1.1" 302 0
"GET / HTTP/1.1" 200 2000
"GET /upload HTTP/1.1" 200 2787
"GET / HTTP/1.1" 200 2000
"GET /upload HTTP/1.1" 200 2787
"GET /logout/ HTTP/1.1" 302 0
"GET /login/ HTTP/1.1" 200 2845
"GET /upload HTTP/1.1" 302 0
"GET /login/?next=/upload HTTP/1.1" 200 2845
"POST /login/?next=/upload HTTP/1.1" 302 0
"GET /upload HTTP/1.1" 200 2787
"GET /logout/ HTTP/1.1" 302 0
"GET /login/ HTTP/1.1" 200 2845
"GET / HTTP/1.1" 302 0
"GET /login?next=/ HTTP/1.1" 301 0
"GET /login/?next=/ HTTP/1.1" 200 2845
"GET /upload HTTP/1.1" 302 0
"GET /login?next=/upload HTTP/1.1" 301 0
"GET /login/?next=/upload HTTP/1.1" 200 2845
Not Found: /favicon.ico
"GET /favicon.ico HTTP/1.1" 404 179
"GET /upload HTTP/1.1" 302 0
"GET /login/?next=/upload HTTP/1.1" 200 2845
"GET /upload HTTP/1.1" 302 0
"GET /login/?next=/upload HTTP/1.1" 200 2845
"GET /create-post HTTP/1.1" 302 0
"GET /login?next=/create-post HTTP/1.1" 301 0
"GET /login/?next=/create-post HTTP/1.1" 200 2845
"GET /home HTTP/1.1" 302 0
"GET /login?next=/home HTTP/1.1" 301 0
"GET /login/?next=/home HTTP/1.1" 200 2845
"GET /upload HTTP/1.1" 302 0
"GET /login/?next=/upload HTTP/1.1" 200 2845
"GET /upload HTTP/1.1" 302 0
"GET /login/?next=/upload HTTP/1.1" 200 2845
"GET /sign-up HTTP/1.1" 200 3907
"POST /sign-up HTTP/1.1" 200 4114
"POST /sign-up HTTP/1.1" 302 0
"GET /home HTTP/1.1" 200 2024
"GET /home HTTP/1.1" 200 2024
Forbidden (Permission denied): /create-post
Traceback (most recent call last):
  File "/home/ubuntu/.local/lib/python3.10/site-packages/django/core/handlers/exception.py", line 56, in inner
    response = get_response(request)
  File "/home/ubuntu/.local/lib/python3.10/site-packages/django/core/handlers/base.py", line 197, in _get_response
    response = wrapped_callback(request, *callback_args, **callback_kwargs)
  File "/home/ubuntu/.local/lib/python3.10/site-packages/django/contrib/auth/decorators.py", line 23, in _wrapped_view
    return view_func(request, *args, **kwargs)
  File "/home/ubuntu/.local/lib/python3.10/site-packages/django/contrib/auth/decorators.py", line 22, in _wrapped_view
    if test_func(request.user):
  File "/home/ubuntu/.local/lib/python3.10/site-packages/django/contrib/auth/decorators.py", line 78, in check_perms
    raise PermissionDenied
django.core.exceptions.PermissionDenied
"GET /create-post HTTP/1.1" 403 135
"GET /upload HTTP/1.1" 200 2811
"GET /upload HTTP/1.1" 200 2811
"GET /upload HTTP/1.1" 200 2811
"GET /upload HTTP/1.1" 200 2811
"POST /upload HTTP/1.1" 200 18026
"POST /upload8 HTTP/1.1" 200 18279
"GET /upload HTTP/1.1" 302 0
"GET /login/?next=/upload HTTP/1.1" 200 2845
"POST /login/?next=/upload HTTP/1.1" 302 0
"GET /upload HTTP/1.1" 200 2787
"GET /admin HTTP/1.1" 301 0
"GET /admin/ HTTP/1.1" 200 4177
Not Found: /static/admin/css/base.css
"GET /static/admin/css/base.css HTTP/1.1" 404 179
Not Found: /static/admin/css/dark_mode.css
"GET /static/admin/css/dark_mode.css HTTP/1.1" 404 179
Not Found: /static/admin/css/dashboard.css
"GET /static/admin/css/dashboard.css HTTP/1.1" 404 179
Not Found: /static/admin/css/nav_sidebar.css
"GET /static/admin/css/nav_sidebar.css HTTP/1.1" 404 179
Not Found: /static/admin/css/responsive.css
"GET /static/admin/css/responsive.css HTTP/1.1" 404 179
Not Found: /static/admin/js/nav_sidebar.js
"GET /static/admin/js/nav_sidebar.js HTTP/1.1" 404 179
"GET /admin/auth/user/ HTTP/1.1" 200 9585
Not Found: /static/admin/css/base.css
"GET /static/admin/css/base.css HTTP/1.1" 404 179
Not Found: /static/admin/css/dark_mode.css
"GET /static/admin/css/dark_mode.css HTTP/1.1" 404 179
Not Found: /static/admin/css/changelists.css
"GET /static/admin/css/changelists.css HTTP/1.1" 404 179
Not Found: /static/admin/css/nav_sidebar.css
"GET /static/admin/css/nav_sidebar.css HTTP/1.1" 404 179
"GET /admin/jsi18n/ HTTP/1.1" 200 3343
Not Found: /static/admin/css/responsive.css
"GET /static/admin/css/responsive.css HTTP/1.1" 404 179
Not Found: /static/admin/js/vendor/jquery/jquery.min.js
"GET /static/admin/js/vendor/jquery/jquery.min.js HTTP/1.1" 404 179
Not Found: /static/admin/js/jquery.init.js
"GET /static/admin/js/jquery.init.js HTTP/1.1" 404 179
Not Found: /static/admin/js/core.js
"GET /static/admin/js/core.js HTTP/1.1" 404 179
Not Found: /static/admin/js/admin/RelatedObjectLookups.js
"GET /static/admin/js/admin/RelatedObjectLookups.js HTTP/1.1" 404 179
Not Found: /static/admin/js/actions.js
"GET /static/admin/js/actions.js HTTP/1.1" 404 179
Not Found: /static/admin/js/urlify.js
"GET /static/admin/js/urlify.js HTTP/1.1" 404 179
Not Found: /static/admin/js/prepopulate.js
"GET /static/admin/js/prepopulate.js HTTP/1.1" 404 179
Not Found: /static/admin/js/vendor/xregexp/xregexp.min.js
"GET /static/admin/js/vendor/xregexp/xregexp.min.js HTTP/1.1" 404 179
Not Found: /static/admin/js/nav_sidebar.js
"GET /static/admin/js/nav_sidebar.js HTTP/1.1" 404 179
Not Found: /static/admin/js/filters.js
"GET /static/admin/js/filters.js HTTP/1.1" 404 179
Not Found: /static/admin/css/responsive.css
"GET /static/admin/css/responsive.css HTTP/1.1" 404 179
Not Found: /static/admin/img/icon-no.svg
"GET /static/admin/img/icon-no.svg HTTP/1.1" 404 179
Not Found: /static/admin/img/search.svg
"GET /static/admin/img/search.svg HTTP/1.1" 404 179
Not Found: /static/admin/img/icon-yes.svg
"GET /static/admin/img/icon-yes.svg HTTP/1.1" 404 179
"GET /admin/auth/user/3/change/ HTTP/1.1" 200 16880
Not Found: /static/admin/css/dark_mode.css
"GET /static/admin/css/dark_mode.css HTTP/1.1" 404 179
Not Found: /static/admin/css/base.css
"GET /static/admin/css/base.css HTTP/1.1" 404 179
Not Found: /static/admin/css/forms.css
"GET /static/admin/css/forms.css HTTP/1.1" 404 179
Not Found: /static/admin/js/calendar.js
"GET /static/admin/js/calendar.js HTTP/1.1" 404 179
Not Found: /static/admin/css/nav_sidebar.css
"GET /static/admin/css/nav_sidebar.css HTTP/1.1" 404 179
Not Found: /static/admin/css/responsive.css
"GET /static/admin/css/responsive.css HTTP/1.1" 404 179
Not Found: /static/admin/js/admin/DateTimeShortcuts.js
Not Found: /static/admin/js/vendor/jquery/jquery.min.js
"GET /static/admin/js/vendor/jquery/jquery.min.js HTTP/1.1" 404 179
Not Found: /static/admin/js/jquery.init.js
"GET /static/admin/js/jquery.init.js HTTP/1.1" 404 179
Not Found: /static/admin/js/SelectBox.js
"GET /static/admin/js/SelectBox.js HTTP/1.1" 404 179
"GET /static/admin/js/admin/DateTimeShortcuts.js HTTP/1.1" 404 179
"GET /admin/jsi18n/ HTTP/1.1" 200 3343
Not Found: /static/admin/js/SelectFilter2.js
"GET /static/admin/js/SelectFilter2.js HTTP/1.1" 404 179
Not Found: /static/admin/js/core.js
"GET /static/admin/js/core.js HTTP/1.1" 404 179
Not Found: /static/admin/js/actions.js
"GET /static/admin/js/actions.js HTTP/1.1" 404 179
Not Found: /static/admin/js/admin/RelatedObjectLookups.js
"GET /static/admin/js/admin/RelatedObjectLookups.js HTTP/1.1" 404 179
Not Found: /static/admin/js/urlify.js
"GET /static/admin/js/urlify.js HTTP/1.1" 404 179
Not Found: /static/admin/js/prepopulate.js
"GET /static/admin/js/prepopulate.js HTTP/1.1" 404 179
Not Found: /static/admin/js/vendor/xregexp/xregexp.min.js
"GET /static/admin/js/vendor/xregexp/xregexp.min.js HTTP/1.1" 404 179
Not Found: /static/admin/js/prepopulate_init.js
"GET /static/admin/js/prepopulate_init.js HTTP/1.1" 404 179
Not Found: /static/admin/img/icon-addlink.svg
"GET /static/admin/img/icon-addlink.svg HTTP/1.1" 404 179
Not Found: /static/admin/css/responsive.css
"GET /static/admin/css/responsive.css HTTP/1.1" 404 179
Not Found: /static/admin/js/change_form.js
"GET /static/admin/js/change_form.js HTTP/1.1" 404 179
Not Found: /static/admin/js/nav_sidebar.js
"GET /static/admin/js/nav_sidebar.js HTTP/1.1" 404 179
code 400, message Bad HTTP/0.9 request type ('\x16\x03\x01\x00{\x01\x00\x00w\x03\x03õãíoõ>£#')
You're accessing the development server over HTTPS, but it only supports HTTP.
code 400, message Bad request syntax ('\x16\x03\x01\x00{\x01\x00\x00w\x03\x03¬ä#cÒÏá¿\x11äY\x96¬ÂVm\x82')
You're accessing the development server over HTTPS, but it only supports HTTP.
"GET / HTTP/1.1" 302 0
code 400, message Bad request syntax ('\x16\x03\x01\x00{\x01\x00\x00w\x03\x03)\x87n\x93)ïØ<\x18\x19U¦º©MÓ¨\x8260')
You're accessing the development server over HTTPS, but it only supports HTTP.
code 400, message Bad request version ('À\x14À')
You're accessing the development server over HTTPS, but it only supports HTTP.
- Broken pipe from ('172.104.210.105', 39476)
code 400, message Bad HTTP/0.9 request type ('\x03\x00\x00&!à\x00\x00þÊ\x00Cookie:')
"  &!à  þÊ Cookie: mstshash=" 400 -
code 400, message Bad request version ('À\x14À')
You're accessing the development server over HTTPS, but it only supports HTTP.
Watching for file changes with StatReloader
"GET /admin/auth/user/3/change/ HTTP/1.1" 200 16880
Not Found: /static/admin/css/base.css
"GET /static/admin/css/base.css HTTP/1.1" 404 179
Not Found: /static/admin/css/dark_mode.css
"GET /static/admin/css/dark_mode.css HTTP/1.1" 404 179
Not Found: /static/admin/css/responsive.css
Not Found: /static/admin/css/forms.css
"GET /static/admin/css/responsive.css HTTP/1.1" 404 179
"GET /static/admin/css/forms.css HTTP/1.1" 404 179
Not Found: /static/admin/css/nav_sidebar.css
"GET /static/admin/css/nav_sidebar.css HTTP/1.1" 404 179
"GET /admin/jsi18n/ HTTP/1.1" 200 3343
Not Found: /static/admin/js/core.js
Not Found: /static/admin/js/admin/DateTimeShortcuts.js
Not Found: /static/admin/js/jquery.init.js
Not Found: /static/admin/js/vendor/jquery/jquery.min.js
Not Found: /static/admin/js/calendar.js
"GET /static/admin/js/core.js HTTP/1.1" 404 179
"GET /static/admin/js/admin/DateTimeShortcuts.js HTTP/1.1" 404 179
"GET /static/admin/js/jquery.init.js HTTP/1.1" 404 179
"GET /static/admin/js/vendor/jquery/jquery.min.js HTTP/1.1" 404 179
"GET /static/admin/js/calendar.js HTTP/1.1" 404 179
Not Found: /static/admin/js/admin/RelatedObjectLookups.js
"GET /static/admin/js/admin/RelatedObjectLookups.js HTTP/1.1" 404 179
Not Found: /static/admin/js/prepopulate.js
Not Found: /static/admin/js/actions.js
Not Found: /static/admin/js/urlify.js
Not Found: /static/admin/js/SelectFilter2.js
"GET /static/admin/js/prepopulate.js HTTP/1.1" 404 179
Not Found: /static/admin/js/vendor/xregexp/xregexp.min.js
"GET /static/admin/js/actions.js HTTP/1.1" 404 179
"GET /static/admin/js/urlify.js HTTP/1.1" 404 179
"GET /static/admin/js/SelectFilter2.js HTTP/1.1" 404 179
"GET /static/admin/js/vendor/xregexp/xregexp.min.js HTTP/1.1" 404 179
Not Found: /static/admin/js/SelectBox.js
"GET /static/admin/js/SelectBox.js HTTP/1.1" 404 179
Not Found: /static/admin/js/nav_sidebar.js
Not Found: /static/admin/js/change_form.js
Not Found: /static/admin/img/icon-addlink.svg
Not Found: /static/admin/css/responsive.css
Not Found: /static/admin/js/prepopulate_init.js
"GET /static/admin/js/nav_sidebar.js HTTP/1.1" 404 179
"GET /static/admin/js/change_form.js HTTP/1.1" 404 179
"GET /static/admin/img/icon-addlink.svg HTTP/1.1" 404 179
"GET /static/admin/css/responsive.css HTTP/1.1" 404 179
"GET /static/admin/js/prepopulate_init.js HTTP/1.1" 404 179
"GET /admin/auth/user/3/change/ HTTP/1.1" 200 16880
Not Found: /static/admin/css/nav_sidebar.css
Not Found: /static/admin/css/dark_mode.css
Not Found: /static/admin/css/base.css
"GET /static/admin/css/nav_sidebar.css HTTP/1.1" 404 179
"GET /static/admin/css/dark_mode.css HTTP/1.1" 404 179
"GET /static/admin/css/base.css HTTP/1.1" 404 179
Not Found: /static/admin/css/forms.css
Not Found: /static/admin/css/responsive.css
"GET /static/admin/css/forms.css HTTP/1.1" 404 179
"GET /static/admin/css/responsive.css HTTP/1.1" 404 179
"GET /admin/jsi18n/ HTTP/1.1" 200 3343
Not Found: /static/admin/js/calendar.js
Not Found: /static/admin/js/vendor/jquery/jquery.min.js
"GET /static/admin/js/calendar.js HTTP/1.1" 404 179
"GET /static/admin/js/vendor/jquery/jquery.min.js HTTP/1.1" 404 179
Not Found: /static/admin/js/jquery.init.js
"GET /static/admin/js/jquery.init.js HTTP/1.1" 404 179
Not Found: /static/admin/js/admin/RelatedObjectLookups.js
Not Found: /static/admin/js/admin/DateTimeShortcuts.js
Not Found: /static/admin/js/core.js
"GET /static/admin/js/admin/RelatedObjectLookups.js HTTP/1.1" 404 179
"GET /static/admin/js/admin/DateTimeShortcuts.js HTTP/1.1" 404 179
"GET /static/admin/js/core.js HTTP/1.1" 404 179
Not Found: /static/admin/js/actions.js
Not Found: /static/admin/js/SelectBox.js
Not Found: /static/admin/js/SelectFilter2.js
"GET /static/admin/js/actions.js HTTP/1.1" 404 179
"GET /static/admin/js/SelectBox.js HTTP/1.1" 404 179
"GET /static/admin/js/SelectFilter2.js HTTP/1.1" 404 179
Not Found: /static/admin/js/urlify.js
Not Found: /static/admin/js/prepopulate.js
Not Found: /static/admin/js/vendor/xregexp/xregexp.min.js
"GET /static/admin/js/urlify.js HTTP/1.1" 404 179
"GET /static/admin/js/prepopulate.js HTTP/1.1" 404 179
"GET /static/admin/js/vendor/xregexp/xregexp.min.js HTTP/1.1" 404 179
Not Found: /static/admin/js/prepopulate_init.js
"GET /static/admin/js/prepopulate_init.js HTTP/1.1" 404 179
Not Found: /static/admin/js/nav_sidebar.js
"GET /static/admin/js/nav_sidebar.js HTTP/1.1" 404 179
Not Found: /static/admin/img/icon-addlink.svg
Not Found: /static/admin/js/change_form.js
"GET /static/admin/img/icon-addlink.svg HTTP/1.1" 404 179
"GET /static/admin/js/change_form.js HTTP/1.1" 404 179
Not Found: /static/admin/css/responsive.css
"GET /static/admin/css/responsive.css HTTP/1.1" 404 179
"GET /admin/ HTTP/1.1" 200 4177
Not Found: /static/admin/css/nav_sidebar.css
Not Found: /static/admin/css/dashboard.css
Not Found: /static/admin/css/responsive.css
Not Found: /static/admin/css/dark_mode.css
"GET /static/admin/css/nav_sidebar.css HTTP/1.1" 404 179
"GET /static/admin/css/dashboard.css HTTP/1.1" 404 179
"GET /static/admin/css/responsive.css HTTP/1.1" 404 179
"GET /static/admin/css/dark_mode.css HTTP/1.1" 404 179
Not Found: /static/admin/css/base.css
"GET /static/admin/css/base.css HTTP/1.1" 404 179
Not Found: /static/admin/js/nav_sidebar.js
"GET /static/admin/js/nav_sidebar.js HTTP/1.1" 404 179
"GET /admin/ HTTP/1.1" 200 4177
Not Found: /static/admin/css/base.css
"GET /static/admin/css/base.css HTTP/1.1" 404 179
Not Found: /static/admin/css/nav_sidebar.css
Not Found: /static/admin/css/dark_mode.css
"GET /static/admin/css/nav_sidebar.css HTTP/1.1" 404 179
"GET /static/admin/css/dark_mode.css HTTP/1.1" 404 179
Not Found: /static/admin/css/dashboard.css
"GET /static/admin/css/dashboard.css HTTP/1.1" 404 179
Not Found: /static/admin/css/responsive.css
"GET /static/admin/css/responsive.css HTTP/1.1" 404 179
Not Found: /static/admin/js/nav_sidebar.js
"GET /static/admin/js/nav_sidebar.js HTTP/1.1" 404 179
"GET / HTTP/1.1" 200 2000
"GET /admin/ HTTP/1.1" 200 4177
Not Found: /static/admin/css/base.css
"GET /static/admin/css/base.css HTTP/1.1" 404 179
Not Found: /static/admin/css/responsive.css
Not Found: /static/admin/css/dark_mode.css
Not Found: /static/admin/css/nav_sidebar.css
Not Found: /static/admin/css/dashboard.css
"GET /static/admin/css/responsive.css HTTP/1.1" 404 179
"GET /static/admin/css/dark_mode.css HTTP/1.1" 404 179
"GET /static/admin/css/nav_sidebar.css HTTP/1.1" 404 179
"GET /static/admin/css/dashboard.css HTTP/1.1" 404 179
Not Found: /static/admin/js/nav_sidebar.js
"GET /static/admin/js/nav_sidebar.js HTTP/1.1" 404 179
/home/ubuntu/OneForAll/website/website/settings.py changed, reloading.
Watching for file changes with StatReloader
"GET /admin/ HTTP/1.1" 200 4177
Not Found: /static/admin/css/base.css
"GET /static/admin/css/base.css HTTP/1.1" 404 179
Not Found: /static/admin/css/dark_mode.css
"GET /static/admin/css/dark_mode.css HTTP/1.1" 404 179
Not Found: /static/admin/css/nav_sidebar.css
"GET /static/admin/css/nav_sidebar.css HTTP/1.1" 404 179
Not Found: /static/admin/css/responsive.css
"GET /static/admin/css/responsive.css HTTP/1.1" 404 179
Not Found: /static/admin/css/dashboard.css
"GET /static/admin/css/dashboard.css HTTP/1.1" 404 179
Not Found: /static/admin/js/nav_sidebar.js
"GET /static/admin/js/nav_sidebar.js HTTP/1.1" 404 179
Watching for file changes with StatReloader
"GET /admin/ HTTP/1.1" 200 4177
Not Found: /static/admin/css/dark_mode.css
Not Found: /static/admin/css/base.css
"GET /static/admin/css/dark_mode.css HTTP/1.1" 404 179
"GET /static/admin/css/base.css HTTP/1.1" 404 179
Not Found: /static/admin/css/dashboard.css
Not Found: /static/admin/css/nav_sidebar.css
Not Found: /static/admin/css/responsive.css
"GET /static/admin/css/dashboard.css HTTP/1.1" 404 179
"GET /static/admin/css/nav_sidebar.css HTTP/1.1" 404 179
"GET /static/admin/css/responsive.css HTTP/1.1" 404 179
Not Found: /static/admin/js/nav_sidebar.js
"GET /static/admin/js/nav_sidebar.js HTTP/1.1" 404 179
"GET / HTTP/1.1" 200 2000
"GET /upload HTTP/1.1" 200 2787
"GET /upload HTTP/1.1" 200 2787
Watching for file changes with StatReloader
/home/ubuntu/OneForAll/website/website/settings.py changed, reloading.
Watching for file changes with StatReloader
"GET /upload HTTP/1.1" 200 2787
"GET /admin/ HTTP/1.1" 200 4177
Not Found: /static/admin/css/dark_mode.css
Not Found: /static/admin/css/base.css
"GET /static/admin/css/base.css HTTP/1.1" 404 179
"GET /static/admin/css/dark_mode.css HTTP/1.1" 404 179
Not Found: /static/admin/css/dashboard.css
Not Found: /static/admin/css/nav_sidebar.css
"GET /static/admin/css/dashboard.css HTTP/1.1" 404 179
"GET /static/admin/css/nav_sidebar.css HTTP/1.1" 404 179
Not Found: /static/admin/css/responsive.css
"GET /static/admin/css/responsive.css HTTP/1.1" 404 179
Not Found: /static/admin/js/nav_sidebar.js
"GET /static/admin/js/nav_sidebar.js HTTP/1.1" 404 179
Not Found: /admin/css/base.css
"GET /admin/css/base.css HTTP/1.1" 404 179
/home/ubuntu/OneForAll/website/website/settings.py changed, reloading.
Watching for file changes with StatReloader
/home/ubuntu/OneForAll/website/website/settings.py changed, reloading.
Watching for file changes with StatReloader
"GET /admin/ HTTP/1.1" 200 4177
Not Found: /static/admin/css/base.css
"GET /static/admin/css/base.css HTTP/1.1" 404 179
Not Found: /static/admin/css/dark_mode.css
"GET /static/admin/css/dark_mode.css HTTP/1.1" 404 179
Not Found: /static/admin/css/nav_sidebar.css
Not Found: /static/admin/css/dashboard.css
Not Found: /static/admin/js/nav_sidebar.js
"GET /static/admin/css/dashboard.css HTTP/1.1" 404 179
"GET /static/admin/js/nav_sidebar.js HTTP/1.1" 404 179
Not Found: /static/admin/css/responsive.css
"GET /static/admin/css/responsive.css HTTP/1.1" 404 179
"GET /static/admin/css/nav_sidebar.css HTTP/1.1" 404 179
Watching for file changes with StatReloader
/home/ubuntu/OneForAll/website/website/settings.py changed, reloading.
Watching for file changes with StatReloader
/home/ubuntu/OneForAll/website/website/settings.py changed, reloading.
Watching for file changes with StatReloader
/home/ubuntu/OneForAll/website/planner/models.py changed, reloading.
Watching for file changes with StatReloader
Watching for file changes with StatReloader
Watching for file changes with StatReloader
"GET /upload HTTP/1.1" 200 2787
"GET /admin/ HTTP/1.1" 200 4177
Not Found: /static/admin/css/base.css
"GET /static/admin/css/base.css HTTP/1.1" 404 179
"GET /admin/ HTTP/1.1" 200 4177
Not Found: /static/admin/css/nav_sidebar.css
"GET /static/admin/css/nav_sidebar.css HTTP/1.1" 404 179
Not Found: /static/admin/js/nav_sidebar.js
"GET /static/admin/js/nav_sidebar.js HTTP/1.1" 404 179
Not Found: /static/admin/css/dark_mode.css
"GET /static/admin/css/dark_mode.css HTTP/1.1" 404 179
Not Found: /static/admin/css/dashboard.css
"GET /static/admin/css/dashboard.css HTTP/1.1" 404 179
Not Found: /static/admin/css/responsive.css
"GET /static/admin/css/responsive.css HTTP/1.1" 404 179
"GET / HTTP/1.1" 302 0
"GET / HTTP/1.1" 302 0
"GET /login?next=/ HTTP/1.1" 301 0
Invalid HTTP_HOST header: 'api.ipify.org'. You may need to add 'api.ipify.org' to ALLOWED_HOSTS.
Traceback (most recent call last):
  File "/home/ubuntu/.local/lib/python3.10/site-packages/django/core/handlers/exception.py", line 56, in inner
    response = get_response(request)
  File "/home/ubuntu/.local/lib/python3.10/site-packages/django/utils/deprecation.py", line 135, in __call__
    response = self.process_request(request)
  File "/home/ubuntu/.local/lib/python3.10/site-packages/django/middleware/common.py", line 48, in process_request
    host = request.get_host()
  File "/home/ubuntu/.local/lib/python3.10/site-packages/django/http/request.py", line 152, in get_host
    raise DisallowedHost(msg)
django.core.exceptions.DisallowedHost: Invalid HTTP_HOST header: 'api.ipify.org'. You may need to add 'api.ipify.org' to ALLOWED_HOSTS.
Bad Request: /http:/api.ipify.org/
"GET http://api.ipify.org/?format=json HTTP/1.1" 400 143
Invalid HTTP_HOST header: 'www.shadowserver.org'. You may need to add 'www.shadowserver.org' to ALLOWED_HOSTS.
Traceback (most recent call last):
  File "/home/ubuntu/.local/lib/python3.10/site-packages/django/core/handlers/exception.py", line 56, in inner
    response = get_response(request)
  File "/home/ubuntu/.local/lib/python3.10/site-packages/django/utils/deprecation.py", line 135, in __call__
    response = self.process_request(request)
  File "/home/ubuntu/.local/lib/python3.10/site-packages/django/middleware/common.py", line 48, in process_request
    host = request.get_host()
  File "/home/ubuntu/.local/lib/python3.10/site-packages/django/http/request.py", line 152, in get_host
    raise DisallowedHost(msg)
django.core.exceptions.DisallowedHost: Invalid HTTP_HOST header: 'www.shadowserver.org'. You may need to add 'www.shadowserver.org' to ALLOWED_HOSTS.
Bad Request: /www.shadowserver.org:443
"CONNECT www.shadowserver.org:443 HTTP/1.1" 400 143
"GET /upload HTTP/1.1" 200 2787
Not Found: /favicon.ico
"GET /favicon.ico HTTP/1.1" 404 179
"GET /logout/ HTTP/1.1" 302 0
"GET /login/ HTTP/1.1" 200 2845
"GET /admin/ HTTP/1.1" 302 0
"GET /admin/login/?next=/admin/ HTTP/1.1" 200 2218
Not Found: /static/admin/css/base.css
"GET /static/admin/css/base.css HTTP/1.1" 404 179
Not Found: /static/admin/css/dark_mode.css
"GET /static/admin/css/dark_mode.css HTTP/1.1" 404 179
Not Found: /static/admin/css/login.css
"GET /static/admin/css/login.css HTTP/1.1" 404 179
Not Found: /static/admin/css/nav_sidebar.css
"GET /static/admin/css/nav_sidebar.css HTTP/1.1" 404 179
Not Found: /static/admin/js/nav_sidebar.js
"GET /static/admin/js/nav_sidebar.js HTTP/1.1" 404 179
Not Found: /static/admin/css/responsive.css
"GET /static/admin/css/responsive.css HTTP/1.1" 404 179
"GET /admin/ HTTP/1.1" 302 0
"GET /admin/login/?next=/admin/ HTTP/1.1" 200 2218
"POST /admin/login/?next=/admin/ HTTP/1.1" 302 0
"GET /admin/ HTTP/1.1" 200 4177
Not Found: /static/admin/css/dark_mode.css
"GET /static/admin/css/dark_mode.css HTTP/1.1" 404 179
Not Found: /static/admin/css/nav_sidebar.css
"GET /static/admin/css/nav_sidebar.css HTTP/1.1" 404 179
Not Found: /static/admin/css/dashboard.css
"GET /static/admin/css/dashboard.css HTTP/1.1" 404 179
Not Found: /static/admin/css/responsive.css
"GET /static/admin/css/responsive.css HTTP/1.1" 404 179
Not Found: /static/admin/css/base.css
"GET /static/admin/css/base.css HTTP/1.1" 404 179
Not Found: /static/admin/js/nav_sidebar.js
"GET /static/admin/js/nav_sidebar.js HTTP/1.1" 404 179
"GET /admin/auth/user/ HTTP/1.1" 200 9585
Not Found: /static/admin/css/dark_mode.css
"GET /static/admin/css/dark_mode.css HTTP/1.1" 404 179
Not Found: /static/admin/css/nav_sidebar.css
"GET /static/admin/css/nav_sidebar.css HTTP/1.1" 404 179
Not Found: /static/admin/css/base.css
"GET /static/admin/css/base.css HTTP/1.1" 404 179
Not Found: /static/admin/css/changelists.css
"GET /static/admin/css/changelists.css HTTP/1.1" 404 179
"GET /admin/jsi18n/ HTTP/1.1" 200 3343
Not Found: /static/admin/css/responsive.css
"GET /static/admin/css/responsive.css HTTP/1.1" 404 179
Not Found: /static/admin/js/vendor/jquery/jquery.min.js
Not Found: /static/admin/js/jquery.init.js
"GET /static/admin/js/jquery.init.js HTTP/1.1" 404 179
"GET /static/admin/js/vendor/jquery/jquery.min.js HTTP/1.1" 404 179
Not Found: /static/admin/js/core.js
"GET /static/admin/js/core.js HTTP/1.1" 404 179
Not Found: /static/admin/js/admin/RelatedObjectLookups.js
"GET /static/admin/js/admin/RelatedObjectLookups.js HTTP/1.1" 404 179
Not Found: /static/admin/js/actions.js
"GET /static/admin/js/actions.js HTTP/1.1" 404 179
Not Found: /static/admin/js/urlify.js
"GET /static/admin/js/urlify.js HTTP/1.1" 404 179
Not Found: /static/admin/js/vendor/xregexp/xregexp.min.js
"GET /static/admin/js/vendor/xregexp/xregexp.min.js HTTP/1.1" 404 179
Not Found: /static/admin/js/prepopulate.js
"GET /static/admin/js/prepopulate.js HTTP/1.1" 404 179
Not Found: /static/admin/js/filters.js
"GET /static/admin/js/filters.js HTTP/1.1" 404 179
Not Found: /static/admin/img/search.svg
"GET /static/admin/img/search.svg HTTP/1.1" 404 179
Not Found: /static/admin/img/icon-no.svg
"GET /static/admin/img/icon-no.svg HTTP/1.1" 404 179
Not Found: /static/admin/css/responsive.css
"GET /static/admin/css/responsive.css HTTP/1.1" 404 179
Not Found: /static/admin/js/nav_sidebar.js
"GET /static/admin/js/nav_sidebar.js HTTP/1.1" 404 179
Not Found: /static/admin/img/icon-yes.svg
"GET /static/admin/img/icon-yes.svg HTTP/1.1" 404 179
/home/ubuntu/OneForAll/website/planner/models.py changed, reloading.
Watching for file changes with StatReloader
/home/ubuntu/OneForAll/website/website/urls.py changed, reloading.
Watching for file changes with StatReloader
"GET /upload HTTP/1.1" 200 2787
Not Found: /favicon.ico
"GET /favicon.ico HTTP/1.1" 404 179
Not Found: /planner
"GET /planner HTTP/1.1" 404 179
Not Found: /planner/uploadtask
"GET /planner/uploadtask HTTP/1.1" 404 179
"GET /planner/uploadtasks HTTP/1.1" 301 0
Internal Server Error: /planner/uploadtasks/
Traceback (most recent call last):
  File "/home/ubuntu/.local/lib/python3.10/site-packages/django/core/handlers/exception.py", line 56, in inner
    response = get_response(request)
  File "/home/ubuntu/.local/lib/python3.10/site-packages/django/core/handlers/base.py", line 197, in _get_response
    response = wrapped_callback(request, *callback_args, **callback_kwargs)
  File "/home/ubuntu/OneForAll/website/planner/views.py", line 23, in upload_excel
    return render(request, 'excelapp/upload_excel.html', {'form': form})
  File "/home/ubuntu/.local/lib/python3.10/site-packages/django/shortcuts.py", line 24, in render
    content = loader.render_to_string(template_name, context, request, using=using)
  File "/home/ubuntu/.local/lib/python3.10/site-packages/django/template/loader.py", line 61, in render_to_string
    template = get_template(template_name, using=using)
  File "/home/ubuntu/.local/lib/python3.10/site-packages/django/template/loader.py", line 19, in get_template
    raise TemplateDoesNotExist(template_name, chain=chain)
django.template.exceptions.TemplateDoesNotExist: excelapp/upload_excel.html
"GET /planner/uploadtasks/ HTTP/1.1" 500 145
/home/ubuntu/OneForAll/website/planner/views.py changed, reloading.
Watching for file changes with StatReloader
"GET /planner/uploadtasks/ HTTP/1.1" 200 2380
"POST /planner/uploadtasks/ HTTP/1.1" 200 2438
/home/ubuntu/OneForAll/website/planner/views.py changed, reloading.
Watching for file changes with StatReloader
/home/ubuntu/OneForAll/website/planner/views.py changed, reloading.
Watching for file changes with StatReloader
"POST /planner/uploadtasks/ HTTP/1.1" 200 2475
/home/ubuntu/OneForAll/website/planner/views.py changed, reloading.
Watching for file changes with StatReloader
"POST /planner/uploadtasks/ HTTP/1.1" 200 2438
/home/ubuntu/OneForAll/website/planner/views.py changed, reloading.
Watching for file changes with StatReloader
"POST /planner/uploadtasks/ HTTP/1.1" 200 2579
/home/ubuntu/OneForAll/website/planner/views.py changed, reloading.
Watching for file changes with StatReloader
/home/ubuntu/OneForAll/website/planner/views.py changed, reloading.
Watching for file changes with StatReloader
"POST /planner/uploadtasks/ HTTP/1.1" 200 2579
/home/ubuntu/OneForAll/website/planner/views.py changed, reloading.
Watching for file changes with StatReloader
"POST /planner/uploadtasks/ HTTP/1.1" 200 2579
/home/ubuntu/OneForAll/website/planner/views.py changed, reloading.
Watching for file changes with StatReloader
/home/ubuntu/OneForAll/website/planner/urls.py changed, reloading.
Watching for file changes with StatReloader
/home/ubuntu/OneForAll/website/planner/views.py changed, reloading.
Watching for file changes with StatReloader
/home/ubuntu/OneForAll/website/planner/forms.py changed, reloading.
Watching for file changes with StatReloader
/home/ubuntu/OneForAll/website/planner/forms.py changed, reloading.
Watching for file changes with StatReloader
"POST /planner/uploadtasks/ HTTP/1.1" 200 2579
"POST /planner/uploadtasks/ HTTP/1.1" 200 2579
Watching for file changes with StatReloader
/home/ubuntu/OneForAll/website/planner/forms.py changed, reloading.
Watching for file changes with StatReloader
/home/ubuntu/OneForAll/website/planner/forms.py changed, reloading.
Watching for file changes with StatReloader
/home/ubuntu/OneForAll/website/planner/views.py changed, reloading.
Watching for file changes with StatReloader
Not Found: /planner/
"GET /planner/ HTTP/1.1" 404 179
/home/ubuntu/OneForAll/website/planner/urls.py changed, reloading.
Watching for file changes with StatReloader
"GET /planner/uploadtasks/ HTTP/1.1" 200 2380
"POST /planner/uploadtasks/ HTTP/1.1" 200 2579
/home/ubuntu/OneForAll/website/planner/views.py changed, reloading.
Watching for file changes with StatReloader
"POST /planner/uploadtasks/ HTTP/1.1" 200 2579
code 400, message Bad request version ('À\x14À')
You're accessing the development server over HTTPS, but it only supports HTTP.
/home/ubuntu/OneForAll/website/planner/views.py changed, reloading.
Watching for file changes with StatReloader
/home/ubuntu/OneForAll/website/planner/views.py changed, reloading.
Watching for file changes with StatReloader
"POST /planner/uploadtasks/ HTTP/1.1" 200 2516
/home/ubuntu/OneForAll/website/planner/views.py changed, reloading.
Watching for file changes with StatReloader
/home/ubuntu/OneForAll/website/planner/views.py changed, reloading.
Watching for file changes with StatReloader
"POST /planner/uploadtasks/ HTTP/1.1" 200 2479
/home/ubuntu/OneForAll/website/planner/views.py changed, reloading.
Watching for file changes with StatReloader
"POST /planner/uploadtasks/ HTTP/1.1" 200 2516
/home/ubuntu/OneForAll/website/planner/views.py changed, reloading.
Watching for file changes with StatReloader
/home/ubuntu/OneForAll/website/planner/views.py changed, reloading.
Watching for file changes with StatReloader
Watching for file changes with StatReloader
"GET /planner/uploadtasks/ HTTP/1.1" 200 2380
"POST /planner/uploadtasks/ HTTP/1.1" 200 2454
/home/ubuntu/OneForAll/website/planner/views.py changed, reloading.
Watching for file changes with StatReloader
"POST /planner/uploadtasks/ HTTP/1.1" 200 2489
/home/ubuntu/OneForAll/website/planner/views.py changed, reloading.
Watching for file changes with StatReloader
"POST /planner/uploadtasks/ HTTP/1.1" 200 2489
/home/ubuntu/OneForAll/website/planner/views.py changed, reloading.
Watching for file changes with StatReloader
"POST /planner/uploadtasks/ HTTP/1.1" 200 2484
Watching for file changes with StatReloader
"GET /upload HTTP/1.1" 200 2787
"GET /upload HTTP/1.1" 200 2787
Not Found: /upload/planner
"GET /upload/planner HTTP/1.1" 404 179
/home/ubuntu/OneForAll/website/planner/urls.py changed, reloading.
Watching for file changes with StatReloader
Not Found: /upload/planner
"GET /upload/planner HTTP/1.1" 404 179
Not Found: /upload/planner
"GET /upload/planner HTTP/1.1" 404 179
"GET //planner HTTP/1.1" 301 0
"GET /planner/ HTTP/1.1" 200 2380
"POST /planner/ HTTP/1.1" 200 2484
"POST /planner/ HTTP/1.1" 200 2484
/home/ubuntu/OneForAll/website/planner/views.py changed, reloading.
Watching for file changes with StatReloader
"POST /planner/ HTTP/1.1" 200 2516
/home/ubuntu/OneForAll/website/planner/views.py changed, reloading.
Watching for file changes with StatReloader
"POST /planner/ HTTP/1.1" 200 2516
/home/ubuntu/OneForAll/website/planner/views.py changed, reloading.
Watching for file changes with StatReloader
"POST /planner/ HTTP/1.1" 200 2516
/home/ubuntu/OneForAll/website/planner/views.py changed, reloading.
Watching for file changes with StatReloader
"POST /planner/ HTTP/1.1" 200 2454
/home/ubuntu/OneForAll/website/planner/views.py changed, reloading.
Watching for file changes with StatReloader
"POST /planner/ HTTP/1.1" 200 2454
/home/ubuntu/OneForAll/website/website/settings.py changed, reloading.
Watching for file changes with StatReloader
"POST /planner/ HTTP/1.1" 200 2454
/home/ubuntu/OneForAll/website/website/settings.py changed, reloading.
Watching for file changes with StatReloader
/home/ubuntu/OneForAll/website/planner/views.py changed, reloading.
Watching for file changes with StatReloader
"POST /planner/ HTTP/1.1" 200 2454
Watching for file changes with StatReloader
"POST /planner/ HTTP/1.1" 200 2454
/home/ubuntu/OneForAll/website/planner/models.py changed, reloading.
Watching for file changes with StatReloader
"POST /planner/ HTTP/1.1" 200 2454
Watching for file changes with StatReloader
"GET /admin/ HTTP/1.1" 200 4177
Not Found: /static/admin/css/base.css
Not Found: /static/admin/css/nav_sidebar.css
Not Found: /static/admin/css/dark_mode.css
"GET /static/admin/css/dark_mode.css HTTP/1.1" 404 179
"GET /static/admin/css/base.css HTTP/1.1" 404 179
"GET /static/admin/css/nav_sidebar.css HTTP/1.1" 404 179
Not Found: /static/admin/css/dashboard.css
Not Found: /static/admin/css/responsive.css
Not Found: /static/admin/js/nav_sidebar.js
"GET /static/admin/css/responsive.css HTTP/1.1" 404 179
"GET /static/admin/js/nav_sidebar.js HTTP/1.1" 404 179
"GET /static/admin/css/dashboard.css HTTP/1.1" 404 179
Watching for file changes with StatReloader
"GET /planner/ HTTP/1.1" 200 2306
Not Found: /favicon.ico
"GET /favicon.ico HTTP/1.1" 404 179
"POST /planner/ HTTP/1.1" 200 2380
/home/ubuntu/OneForAll/website/planner/views.py changed, reloading.
Watching for file changes with StatReloader
"POST /planner/ HTTP/1.1" 200 2379
/home/ubuntu/OneForAll/website/planner/views.py changed, reloading.
Watching for file changes with StatReloader
"POST /planner/ HTTP/1.1" 200 2379
/home/ubuntu/OneForAll/website/planner/views.py changed, reloading.
Watching for file changes with StatReloader
"POST /planner/ HTTP/1.1" 200 2379
/home/ubuntu/OneForAll/website/planner/views.py changed, reloading.
Watching for file changes with StatReloader
"POST /planner/ HTTP/1.1" 200 2379
/home/ubuntu/OneForAll/website/planner/views.py changed, reloading.
Watching for file changes with StatReloader
"POST /planner/ HTTP/1.1" 200 2379
/home/ubuntu/OneForAll/website/planner/views.py changed, reloading.
Watching for file changes with StatReloader
"POST /planner/ HTTP/1.1" 200 2467
/home/ubuntu/OneForAll/website/planner/urls.py changed, reloading.
Watching for file changes with StatReloader
"POST /planner/ HTTP/1.1" 200 2422
"GET /planner/tasks HTTP/1.1" 301 0
"GET /planner/tasks/ HTTP/1.1" 302 0
Not Found: /accounts/login/
"GET /accounts/login/?next=/planner/tasks/ HTTP/1.1" 404 179
Not Found: /tasks/
"GET /tasks/ HTTP/1.1" 404 179
"GET /planner/tasks/ HTTP/1.1" 302 0
Not Found: /accounts/login/
"GET /accounts/login/?next=/planner/tasks/ HTTP/1.1" 404 179
"GET /upload HTTP/1.1" 302 0
"GET /login?next=/upload HTTP/1.1" 301 0
"GET /login/?next=/upload HTTP/1.1" 200 2845
/home/ubuntu/OneForAll/website/planner/views.py changed, reloading.
Watching for file changes with StatReloader
"GET / HTTP/1.1" 302 0
"GET /login?next=/ HTTP/1.1" 301 0
"GET /login/?next=/ HTTP/1.1" 200 2845
"POST /login/?next=/ HTTP/1.1" 302 0
"GET / HTTP/1.1" 200 2000
Not Found: /planner//tasks
"GET /planner//tasks HTTP/1.1" 404 179
"GET /planner/tasks/ HTTP/1.1" 200 4428
- Broken pipe from ('167.94.138.47', 45114)
"GET / HTTP/1.1" 302 0
- Broken pipe from ('167.94.138.47', 56014)
"GET / HTTP/1.1" 302 0
code 505, message Invalid HTTP version (2.0)
"PRI * HTTP/2.0" 505 -
"GET /login HTTP/1.1" 301 0
code 505, message Invalid HTTP version (2.0)
"PRI * HTTP/2.0" 505 -
"GET /login/ HTTP/1.1" 200 2845
code 505, message Invalid HTTP version (2.0)
"PRI * HTTP/2.0" 505 -
Not Found: /favicon.ico
"GET /favicon.ico HTTP/1.1" 404 179
code 400, message Bad request syntax ('MGLNDD_54.250.195.214_8000')
"MGLNDD_54.250.195.214_8000" 400 -
"GET / HTTP/1.1" 302 0
code 400, message Bad HTTP/0.9 request type ('\x16\x03\x01\x00ê\x01\x00\x00æ\x03\x03Ë\x87\x87\x11X\x83E\x87$\x02A±\x83')
You're accessing the development server over HTTPS, but it only supports HTTP.
"GET / HTTP/1.1" 302 0
code 400, message Bad request syntax ('HELP')
"HELP" 400 -
"GET / HTTP/1.1" 302 0
"GET /?rest_route=/wp/v2/users/ HTTP/1.1" 302 0
Not Found: /info.php
Not Found: /.git/config
"GET /.git/config HTTP/1.1" 404 179
Not Found: /.DS_Store
Not Found: /.env
"GET /.env HTTP/1.1" 404 179
Not Found: /server-status
"GET /server-status HTTP/1.1" 404 179
Not Found: /ecp/Current/exporttool/microsoft.exchange.ediscovery.exporttool.application
"GET /ecp/Current/exporttool/microsoft.exchange.ediscovery.exporttool.application HTTP/1.1" 404 179
"GET /info.php HTTP/1.1" 404 179
"GET /.DS_Store HTTP/1.1" 404 179
Not Found: /debug/default/view
"GET /debug/default/view?panel=config HTTP/1.1" 404 179
Not Found: /.vscode/sftp.json
"GET /.vscode/sftp.json HTTP/1.1" 404 179
Not Found: /telescope/requests
"GET /telescope/requests HTTP/1.1" 404 179
Not Found: /s/431323e2539313e2035323e24353/_/;/META-INF/maven/com.atlassian.jira/jira-webapp-dist/pom.properties
"GET /s/431323e2539313e2035323e24353/_/;/META-INF/maven/com.atlassian.jira/jira-webapp-dist/pom.properties HTTP/1.1" 404 179
Not Found: /config.json
"GET /config.json HTTP/1.1" 404 179
Not Found: /v2/_catalog
"GET /v2/_catalog HTTP/1.1" 404 179
Not Found: /api/search
"GET /api/search?folderIds=0 HTTP/1.1" 404 179
Not Found: /about
"GET /about HTTP/1.1" 404 179
Not Found: /login.action
"GET /login.action HTTP/1.1" 404 179
Not Found: /favicon.ico
"GET /favicon.ico HTTP/1.1" 404 179
"GET / HTTP/1.1" 302 0
"GET /login?next=/ HTTP/1.1" 301 0
"GET /login/?next=/ HTTP/1.1" 200 2845
"GET / HTTP/1.1" 302 0
"GET /login?next=/ HTTP/1.1" 301 0
"GET /login/?next=/ HTTP/1.1" 200 2845
"GET / HTTP/1.1" 302 0
"GET /upload HTTP/1.1" 200 2787
- Broken pipe from ('167.94.146.60', 48354)
"GET / HTTP/1.1" 302 0
- Broken pipe from ('167.94.146.60', 60522)
"GET / HTTP/1.1" 302 0
code 505, message Invalid HTTP version (2.0)
"PRI * HTTP/2.0" 505 -
"GET /login HTTP/1.1" 301 0
code 505, message Invalid HTTP version (2.0)
"PRI * HTTP/2.0" 505 -
"GET /login/ HTTP/1.1" 200 2845
code 505, message Invalid HTTP version (2.0)
"PRI * HTTP/2.0" 505 -
Not Found: /favicon.ico
"GET /favicon.ico HTTP/1.1" 404 179
"GET /upload HTTP/1.1" 200 2787
- Broken pipe from ('1.169.70.29', 23238)
code 400, message Bad HTTP/0.9 request type ('\x16\x03\x01\x00{\x01\x00\x00w\x03\x03:ÈbÏpw;ÑÏõôr`\x05\x05Z1¢oÕ\x95\x17"H{û}H\x03\x96±X\x00\x00\x1aÀ/À+À\x11À\x07À\x13À')
You're accessing the development server over HTTPS, but it only supports HTTP.
code 400, message Bad request version ('À\x14À')
You're accessing the development server over HTTPS, but it only supports HTTP.
"GET / HTTP/1.1" 302 0
code 400, message Bad HTTP/0.9 request type ('\x16\x03\x01\x00{\x01\x00\x00w\x03\x03\x0fñÖ\x12\x01XàÂÖ\x80ó\x13Ê·/©p\x83cÂ\xadñÕ\x8egn\x90;\x12Ç\x90\x86\x00\x00\x1aÀ/À+À\x11À\x07À\x13À')
You're accessing the development server over HTTPS, but it only supports HTTP.
Not Found: /api/islogged
"GET /api/islogged HTTP/1.1" 404 179
- Broken pipe from ('1.169.70.29', 6575)
/home/ubuntu/OneForAll/website/website/settings.py changed, reloading.
Watching for file changes with StatReloader
/home/ubuntu/OneForAll/website/website/settings.py changed, reloading.
Watching for file changes with StatReloader
"GET /upload HTTP/1.1" 302 0
"GET /login?next=/upload HTTP/1.1" 301 0
"GET /login/?next=/upload HTTP/1.1" 200 2845
- Broken pipe from ('1.169.70.29', 41662)
"GET /admin HTTP/1.1" 301 0
"GET /admin/ HTTP/1.1" 302 0
"GET /admin/login/?next=/admin/ HTTP/1.1" 200 2218
Not Found: /static/admin/css/base.css
"GET /static/admin/css/base.css HTTP/1.1" 404 179
Not Found: /static/admin/css/dark_mode.css
"GET /static/admin/css/dark_mode.css HTTP/1.1" 404 179
Not Found: /static/admin/css/login.css
Not Found: /static/admin/css/nav_sidebar.css
"GET /static/admin/css/login.css HTTP/1.1" 404 179
"GET /static/admin/css/nav_sidebar.css HTTP/1.1" 404 179
Not Found: /static/admin/js/nav_sidebar.js
"GET /static/admin/js/nav_sidebar.js HTTP/1.1" 404 179
Not Found: /static/admin/css/responsive.css
"GET /static/admin/css/responsive.css HTTP/1.1" 404 179
/home/ubuntu/OneForAll/website/website/wsgi.py changed, reloading.
Watching for file changes with StatReloader
"GET /admin/login/?next=/admin/ HTTP/1.1" 200 2218
"GET /static/admin/css/base.css HTTP/1.1" 200 20344
"GET /static/admin/css/dark_mode.css HTTP/1.1" 200 796
"GET /static/admin/css/nav_sidebar.css HTTP/1.1" 200 2619
"GET /static/admin/css/login.css HTTP/1.1" 200 958
"GET /static/admin/css/responsive.css HTTP/1.1" 200 18854
"GET /static/admin/js/nav_sidebar.js HTTP/1.1" 200 3763
"GET /static/admin/css/fonts.css HTTP/1.1" 200 423
"GET /static/admin/fonts/Roboto-Light-webfont.woff HTTP/1.1" 200 85692
"GET /static/admin/fonts/Roboto-Regular-webfont.woff HTTP/1.1" 200 85876
